  MenuState.cpp
c:\users\user\desktop\sdl\framework\framework\game\state\menustate.cpp(15): warning C4018: '<': signed 또는 unsigned가 일치하지 않습니다.
c:\users\user\desktop\sdl\framework\framework\game\state\menustate.cpp(23): warning C4018: '<': signed 또는 unsigned가 일치하지 않습니다.
c:\users\user\desktop\sdl\framework\framework\game\state\menustate.cpp(35): error C2664: 'SDLGameObject::SDLGameObject(SDLGameObject &&)': 인수 1을(를) 'LoaderParams *'에서 'const SDLGameObject &'(으)로 변환할 수 없습니다.
  c:\users\user\desktop\sdl\framework\framework\game\state\menustate.cpp(35): note: 원인: 'LoaderParams *'에서 'const SDLGameObject'(으)로 변환할 수 없습니다.
  c:\users\user\desktop\sdl\framework\framework\game\state\menustate.cpp(35): note: 소스 형식을 가져올 수 있는 생성자가 없거나 생성자 오버로드 확인이 모호합니다.
  HelpState.cpp
c:\users\user\desktop\sdl\framework\framework\game\state\helpstate.cpp(15): warning C4018: '<': signed 또는 unsigned가 일치하지 않습니다.
c:\users\user\desktop\sdl\framework\framework\game\state\helpstate.cpp(23): warning C4018: '<': signed 또는 unsigned가 일치하지 않습니다.
c:\users\user\desktop\sdl\framework\framework\game\state\helpstate.cpp(40): error C2664: 'SDLGameObject::SDLGameObject(SDLGameObject &&)': 인수 1을(를) 'LoaderParams *'에서 'const SDLGameObject &'(으)로 변환할 수 없습니다.
  c:\users\user\desktop\sdl\framework\framework\game\state\helpstate.cpp(40): note: 원인: 'LoaderParams *'에서 'const SDLGameObject'(으)로 변환할 수 없습니다.
  c:\users\user\desktop\sdl\framework\framework\game\state\helpstate.cpp(40): note: 소스 형식을 가져올 수 있는 생성자가 없거나 생성자 오버로드 확인이 모호합니다.
  CreditState.cpp
c:\users\user\desktop\sdl\framework\framework\game\state\creditstate.cpp(15): warning C4018: '<': signed 또는 unsigned가 일치하지 않습니다.
c:\users\user\desktop\sdl\framework\framework\game\state\creditstate.cpp(23): warning C4018: '<': signed 또는 unsigned가 일치하지 않습니다.
c:\users\user\desktop\sdl\framework\framework\game\state\creditstate.cpp(35): error C2664: 'SDLGameObject::SDLGameObject(SDLGameObject &&)': 인수 1을(를) 'LoaderParams *'에서 'const SDLGameObject &'(으)로 변환할 수 없습니다.
  c:\users\user\desktop\sdl\framework\framework\game\state\creditstate.cpp(35): note: 원인: 'LoaderParams *'에서 'const SDLGameObject'(으)로 변환할 수 없습니다.
  c:\users\user\desktop\sdl\framework\framework\game\state\creditstate.cpp(35): note: 소스 형식을 가져올 수 있는 생성자가 없거나 생성자 오버로드 확인이 모호합니다.
  SDLGameObject.cpp
c:\users\user\desktop\sdl\framework\framework\fw\object\sdlgameobject.cpp(8): warning C4244: '인수': 'int'에서 'float'(으)로 변환하면서 데이터가 손실될 수 있습니다.
c:\users\user\desktop\sdl\framework\framework\fw\object\sdlgameobject.cpp(21): warning C4244: '인수': 'float'에서 'int'(으)로 변환하면서 데이터가 손실될 수 있습니다.
c:\users\user\desktop\sdl\framework\framework\fw\object\sdlgameobject.cpp(26): warning C4244: '인수': 'float'에서 'int'(으)로 변환하면서 데이터가 손실될 수 있습니다.
  MenuButton.cpp
c:\users\user\desktop\sdl\framework\framework\fw\object\button\menubutton.cpp(5): error C2664: 'SDLGameObject::SDLGameObject(SDLGameObject &&)': 인수 1을(를) 'const LoaderParams *'에서 'const SDLGameObject &'(으)로 변환할 수 없습니다.
  c:\users\user\desktop\sdl\framework\framework\fw\object\button\menubutton.cpp(5): note: 원인: 'const LoaderParams *'에서 'const SDLGameObject'(으)로 변환할 수 없습니다.
  c:\users\user\desktop\sdl\framework\framework\fw\object\button\menubutton.cpp(5): note: 소스 형식을 가져올 수 있는 생성자가 없거나 생성자 오버로드 확인이 모호합니다.
c:\users\user\desktop\sdl\framework\framework\fw\object\button\menubutton.cpp(10): error C2664: 'SDLGameObject::SDLGameObject(SDLGameObject &&)': 인수 1을(를) 'const LoaderParams *'에서 'const SDLGameObject &'(으)로 변환할 수 없습니다.
  c:\users\user\desktop\sdl\framework\framework\fw\object\button\menubutton.cpp(10): note: 원인: 'const LoaderParams *'에서 'const SDLGameObject'(으)로 변환할 수 없습니다.
  c:\users\user\desktop\sdl\framework\framework\fw\object\button\menubutton.cpp(10): note: 소스 형식을 가져올 수 있는 생성자가 없거나 생성자 오버로드 확인이 모호합니다.
  코드를 생성하고 있습니다...
